2018-06-28 14:23:49,589 INFO  main                             - Registering component: reference:com.zim.test.sofa.sofaboottest.bean.PersonService:#-1453080899
2018-06-28 14:23:49,589 INFO  main                             -  >>In Binding [bolt] Begins - com.zim.test.sofa.sofaboottest.bean.PersonService.
2018-06-28 14:23:50,217 INFO  main                             -  >>In Binding [bolt] Ends - com.zim.test.sofa.sofaboottest.bean.PersonService.
2018-06-28 14:23:50,218 INFO  main                             -  >>In Binding [jvm] Begins - com.zim.test.sofa.sofaboottest.bean.PersonService.
2018-06-28 14:23:50,223 INFO  main                             -  >>In Binding [jvm] Ends - com.zim.test.sofa.sofaboottest.bean.PersonService.
2018-06-28 14:23:50,448 INFO  main                             - Registering component: service:com.zim.test.sofa.sofaboottest.bean.PersonService
2018-06-28 14:23:50,448 INFO  main                             -  <<PreOut Binding [bolt] Begins - com.zim.test.sofa.sofaboottest.bean.PersonService.
2018-06-28 14:23:50,505 INFO  main                             -  <<PreOut Binding [bolt] Ends - com.zim.test.sofa.sofaboottest.bean.PersonService.
2018-06-28 14:23:50,505 INFO  main                             -  <<PreOut Binding [rest] Begins - com.zim.test.sofa.sofaboottest.bean.PersonService.
2018-06-28 14:23:50,508 INFO  main                             -  <<PreOut Binding [rest] Ends - com.zim.test.sofa.sofaboottest.bean.PersonService.
2018-06-28 14:23:50,508 INFO  main                             -  <<PreOut Binding [dubbo] Begins - com.zim.test.sofa.sofaboottest.bean.PersonService.
2018-06-28 14:23:50,509 INFO  main                             -  <<PreOut Binding [dubbo] Ends - com.zim.test.sofa.sofaboottest.bean.PersonService.
2018-06-28 14:23:50,509 INFO  main                             -  <<Out Binding [bolt] Begins - com.zim.test.sofa.sofaboottest.bean.PersonService.
2018-06-28 14:23:50,565 INFO  main                             -  <<Out Binding [bolt] Ends - com.zim.test.sofa.sofaboottest.bean.PersonService.
2018-06-28 14:23:50,565 INFO  main                             -  <<Out Binding [rest] Begins - com.zim.test.sofa.sofaboottest.bean.PersonService.
2018-06-28 14:23:50,573 INFO  main                             -  <<Out Binding [dubbo] Begins - com.zim.test.sofa.sofaboottest.bean.PersonService.
2018-06-28 14:23:50,574 INFO  main                             -  <<Out Binding [dubbo] Ends - com.zim.test.sofa.sofaboottest.bean.PersonService.
2018-06-28 14:24:23,703 INFO  main                             - Registering component: reference:com.zim.test.sofa.sofaboottest.bean.PersonService:#-1453080899
2018-06-28 14:24:23,703 INFO  main                             -  >>In Binding [bolt] Begins - com.zim.test.sofa.sofaboottest.bean.PersonService.
2018-06-28 14:24:23,737 INFO  main                             - Registering component: reference:com.zim.test.sofa.sofaboottest.bean.PersonService:#1361743070
2018-06-28 14:24:23,737 INFO  main                             -  >>In Binding [rest] Begins - com.zim.test.sofa.sofaboottest.bean.PersonService.
2018-06-28 14:24:24,105 INFO  main                             -  >>In Binding [rest] Ends - com.zim.test.sofa.sofaboottest.bean.PersonService.
2018-06-28 14:24:24,105 INFO  main                             -  >>In Binding [jvm] Begins - com.zim.test.sofa.sofaboottest.bean.PersonService.
2018-06-28 14:24:24,111 INFO  main                             -  >>In Binding [jvm] Ends - com.zim.test.sofa.sofaboottest.bean.PersonService.
2018-06-28 14:24:24,114 INFO  main                             -  >>In Binding [bolt] Ends - com.zim.test.sofa.sofaboottest.bean.PersonService.
2018-06-28 14:24:24,114 INFO  main                             -  >>In Binding [jvm] Begins - com.zim.test.sofa.sofaboottest.bean.PersonService.
2018-06-28 14:24:24,115 INFO  main                             -  >>In Binding [jvm] Ends - com.zim.test.sofa.sofaboottest.bean.PersonService.
2018-06-28 14:24:24,394 INFO  main                             - Registering component: service:com.zim.test.sofa.sofaboottest.bean.PersonService
2018-06-28 14:24:24,394 INFO  main                             -  <<PreOut Binding [bolt] Begins - com.zim.test.sofa.sofaboottest.bean.PersonService.
2018-06-28 14:24:24,445 INFO  main                             -  <<PreOut Binding [bolt] Ends - com.zim.test.sofa.sofaboottest.bean.PersonService.
2018-06-28 14:24:24,445 INFO  main                             -  <<PreOut Binding [rest] Begins - com.zim.test.sofa.sofaboottest.bean.PersonService.
2018-06-28 14:24:24,448 INFO  main                             -  <<PreOut Binding [rest] Ends - com.zim.test.sofa.sofaboottest.bean.PersonService.
2018-06-28 14:24:24,448 INFO  main                             -  <<PreOut Binding [dubbo] Begins - com.zim.test.sofa.sofaboottest.bean.PersonService.
2018-06-28 14:24:24,449 INFO  main                             -  <<PreOut Binding [dubbo] Ends - com.zim.test.sofa.sofaboottest.bean.PersonService.
2018-06-28 14:24:24,450 INFO  main                             -  <<Out Binding [bolt] Begins - com.zim.test.sofa.sofaboottest.bean.PersonService.
2018-06-28 14:24:24,471 INFO  main                             -  <<Out Binding [bolt] Ends - com.zim.test.sofa.sofaboottest.bean.PersonService.
2018-06-28 14:24:24,471 INFO  main                             -  <<Out Binding [rest] Begins - com.zim.test.sofa.sofaboottest.bean.PersonService.
2018-06-28 14:24:24,476 INFO  main                             -  <<Out Binding [dubbo] Begins - com.zim.test.sofa.sofaboottest.bean.PersonService.
2018-06-28 14:24:24,476 INFO  main                             -  <<Out Binding [dubbo] Ends - com.zim.test.sofa.sofaboottest.bean.PersonService.
